2016-01-27 08:33:42 Error: [Cake\Console\Exception\MissingShellException] Shell class for "Serve" could not be found.
Exception Attributes: array (
  'class' => 'Serve',
)
Stack Trace:
#0 /var/www/html/blog-cakephp/vendor/cakephp/cakephp/src/Console/ShellDispatcher.php(209): Cake\Console\ShellDispatcher->findShell('serve')
#1 /var/www/html/blog-cakephp/vendor/cakephp/cakephp/src/Console/ShellDispatcher.php(179): Cake\Console\ShellDispatcher->_dispatch(Array)
#2 /var/www/html/blog-cakephp/vendor/cakephp/cakephp/src/Console/ShellDispatcher.php(126): Cake\Console\ShellDispatcher->dispatch(Array)
#3 /var/www/html/blog-cakephp/bin/cake.php(33): Cake\Console\ShellDispatcher::run(Array)
#4 {main}


2016-01-27 08:46:17 Error: [Cake\Console\Exception\MissingShellException] Shell class for "Migration" could not be found.
Exception Attributes: array (
  'class' => 'Migration',
)
Stack Trace:
#0 /var/www/html/blog-cakephp/vendor/cakephp/cakephp/src/Console/ShellDispatcher.php(209): Cake\Console\ShellDispatcher->findShell('migration')
#1 /var/www/html/blog-cakephp/vendor/cakephp/cakephp/src/Console/ShellDispatcher.php(179): Cake\Console\ShellDispatcher->_dispatch(Array)
#2 /var/www/html/blog-cakephp/vendor/cakephp/cakephp/src/Console/ShellDispatcher.php(126): Cake\Console\ShellDispatcher->dispatch(Array)
#3 /var/www/html/blog-cakephp/bin/cake.php(33): Cake\Console\ShellDispatcher::run(Array)
#4 {main}


2016-01-27 08:47:41 Error: [Cake\Console\Exception\MissingShellException] Shell class for "Migration" could not be found.
Exception Attributes: array (
  'class' => 'Migration',
)
Stack Trace:
#0 /var/www/html/blog-cakephp/vendor/cakephp/cakephp/src/Console/ShellDispatcher.php(209): Cake\Console\ShellDispatcher->findShell('migration')
#1 /var/www/html/blog-cakephp/vendor/cakephp/cakephp/src/Console/ShellDispatcher.php(179): Cake\Console\ShellDispatcher->_dispatch(Array)
#2 /var/www/html/blog-cakephp/vendor/cakephp/cakephp/src/Console/ShellDispatcher.php(126): Cake\Console\ShellDispatcher->dispatch(Array)
#3 /var/www/html/blog-cakephp/bin/cake.php(33): Cake\Console\ShellDispatcher::run(Array)
#4 {main}


