2016-01-27 18:06:11 Error: [Cake\View\Exception\MissingTemplateException] Template file "Pages/display.ctp" is missing.
Exception Attributes: array (
  'file' => 'Pages/display.ctp',
)
Request URL: /
Stack Trace:
#0 /var/www/html/blog-cakephp/vendor/cakephp/cakephp/src/View/View.php(584): Cake\View\View->_getViewFileName(NULL)
#1 /var/www/html/blog-cakephp/vendor/cakephp/cakephp/src/Controller/Controller.php(612): Cake\View\View->render(NULL, NULL)
#2 /var/www/html/blog-cakephp/vendor/cakephp/cakephp/src/Routing/Dispatcher.php(120): Cake\Controller\Controller->render()
#3 /var/www/html/blog-cakephp/vendor/cakephp/cakephp/src/Routing/Dispatcher.php(87): Cake\Routing\Dispatcher->_invoke(Object(App\Controller\PagesController))
#4 /var/www/html/blog-cakephp/webroot/index.php(37): Cake\Routing\Dispatcher->dispatch(Object(Cake\Network\Request), Object(Cake\Network\Response))
#5 {main}


2016-01-27 18:06:30 Error: [Cake\View\Exception\MissingTemplateException] Template file "Pages/display.ctp" is missing.
Exception Attributes: array (
  'file' => 'Pages/display.ctp',
)
Request URL: /
Stack Trace:
#0 /var/www/html/blog-cakephp/vendor/cakephp/cakephp/src/View/View.php(584): Cake\View\View->_getViewFileName(NULL)
#1 /var/www/html/blog-cakephp/vendor/cakephp/cakephp/src/Controller/Controller.php(612): Cake\View\View->render(NULL, NULL)
#2 /var/www/html/blog-cakephp/vendor/cakephp/cakephp/src/Routing/Dispatcher.php(120): Cake\Controller\Controller->render()
#3 /var/www/html/blog-cakephp/vendor/cakephp/cakephp/src/Routing/Dispatcher.php(87): Cake\Routing\Dispatcher->_invoke(Object(App\Controller\PagesController))
#4 /var/www/html/blog-cakephp/webroot/index.php(37): Cake\Routing\Dispatcher->dispatch(Object(Cake\Network\Request), Object(Cake\Network\Response))
#5 {main}


2016-01-27 18:06:32 Error: [Cake\View\Exception\MissingTemplateException] Template file "Pages/display.ctp" is missing.
Exception Attributes: array (
  'file' => 'Pages/display.ctp',
)
Request URL: /
Stack Trace:
#0 /var/www/html/blog-cakephp/vendor/cakephp/cakephp/src/View/View.php(584): Cake\View\View->_getViewFileName(NULL)
#1 /var/www/html/blog-cakephp/vendor/cakephp/cakephp/src/Controller/Controller.php(612): Cake\View\View->render(NULL, NULL)
#2 /var/www/html/blog-cakephp/vendor/cakephp/cakephp/src/Routing/Dispatcher.php(120): Cake\Controller\Controller->render()
#3 /var/www/html/blog-cakephp/vendor/cakephp/cakephp/src/Routing/Dispatcher.php(87): Cake\Routing\Dispatcher->_invoke(Object(App\Controller\PagesController))
#4 /var/www/html/blog-cakephp/webroot/index.php(37): Cake\Routing\Dispatcher->dispatch(Object(Cake\Network\Request), Object(Cake\Network\Response))
#5 {main}


2016-01-27 18:06:37 Error: [Cake\Routing\Exception\MissingControllerException] Controller class Asdad could not be found.
Exception Attributes: array (
  'class' => 'Asdad',
  'plugin' => NULL,
  'prefix' => NULL,
  '_ext' => NULL,
)
Request URL: /asdad
Stack Trace:
#0 /var/www/html/blog-cakephp/webroot/index.php(37): Cake\Routing\Dispatcher->dispatch(Object(Cake\Network\Request), Object(Cake\Network\Response))
#1 {main}


2016-01-27 18:06:47 Error: [Cake\Routing\Exception\MissingControllerException] Controller class Home could not be found.
Exception Attributes: array (
  'class' => 'Home',
  'plugin' => NULL,
  'prefix' => NULL,
  '_ext' => NULL,
)
Request URL: /home
Stack Trace:
#0 /var/www/html/blog-cakephp/webroot/index.php(37): Cake\Routing\Dispatcher->dispatch(Object(Cake\Network\Request), Object(Cake\Network\Response))
#1 {main}


2016-01-27 18:06:55 Error: [Cake\View\Exception\MissingTemplateException] Template file "Pages/display.ctp" is missing.
Exception Attributes: array (
  'file' => 'Pages/display.ctp',
)
Request URL: /
Stack Trace:
#0 /var/www/html/blog-cakephp/vendor/cakephp/cakephp/src/View/View.php(584): Cake\View\View->_getViewFileName(NULL)
#1 /var/www/html/blog-cakephp/vendor/cakephp/cakephp/src/Controller/Controller.php(612): Cake\View\View->render(NULL, NULL)
#2 /var/www/html/blog-cakephp/vendor/cakephp/cakephp/src/Routing/Dispatcher.php(120): Cake\Controller\Controller->render()
#3 /var/www/html/blog-cakephp/vendor/cakephp/cakephp/src/Routing/Dispatcher.php(87): Cake\Routing\Dispatcher->_invoke(Object(App\Controller\PagesController))
#4 /var/www/html/blog-cakephp/webroot/index.php(37): Cake\Routing\Dispatcher->dispatch(Object(Cake\Network\Request), Object(Cake\Network\Response))
#5 {main}


2016-01-27 18:07:30 Error: [Cake\Controller\Exception\MissingActionException] Action PagesController::display() could not be found, or is not accessible.
Exception Attributes: array (
  'controller' => 'PagesController',
  'action' => 'display',
  'prefix' => '',
  'plugin' => NULL,
)
Request URL: /
Stack Trace:
#0 /var/www/html/blog-cakephp/vendor/cakephp/cakephp/src/Routing/Dispatcher.php(114): Cake\Controller\Controller->invokeAction()
#1 /var/www/html/blog-cakephp/vendor/cakephp/cakephp/src/Routing/Dispatcher.php(87): Cake\Routing\Dispatcher->_invoke(Object(App\Controller\PagesController))
#2 /var/www/html/blog-cakephp/webroot/index.php(37): Cake\Routing\Dispatcher->dispatch(Object(Cake\Network\Request), Object(Cake\Network\Response))
#3 {main}


2016-01-27 18:08:40 Error: [Cake\Controller\Exception\MissingActionException] Action PagesController::display() could not be found, or is not accessible.
Exception Attributes: array (
  'controller' => 'PagesController',
  'action' => 'display',
  'prefix' => '',
  'plugin' => NULL,
)
Request URL: /
Stack Trace:
#0 /var/www/html/blog-cakephp/vendor/cakephp/cakephp/src/Routing/Dispatcher.php(114): Cake\Controller\Controller->invokeAction()
#1 /var/www/html/blog-cakephp/vendor/cakephp/cakephp/src/Routing/Dispatcher.php(87): Cake\Routing\Dispatcher->_invoke(Object(App\Controller\PagesController))
#2 /var/www/html/blog-cakephp/webroot/index.php(37): Cake\Routing\Dispatcher->dispatch(Object(Cake\Network\Request), Object(Cake\Network\Response))
#3 {main}


2016-01-27 18:09:58 Error: [Cake\Routing\Exception\MissingControllerException] Controller class Asda could not be found.
Exception Attributes: array (
  'class' => 'Asda',
  'plugin' => NULL,
  'prefix' => NULL,
  '_ext' => NULL,
)
Request URL: /asda
Stack Trace:
#0 /var/www/html/blog-cakephp/webroot/index.php(37): Cake\Routing\Dispatcher->dispatch(Object(Cake\Network\Request), Object(Cake\Network\Response))
#1 {main}


2016-01-27 18:14:30 Error: [RuntimeException] Unable to locate an object compatible with paginate.
Request URL: /
Stack Trace:
#0 /var/www/html/blog-cakephp/src/Controller/PagesController.php(49): Cake\Controller\Controller->paginate(false)
#1 [internal function]: App\Controller\PagesController->display('home')
#2 /var/www/html/blog-cakephp/vendor/cakephp/cakephp/src/Controller/Controller.php(430): call_user_func_array(Array, Array)
#3 /var/www/html/blog-cakephp/vendor/cakephp/cakephp/src/Routing/Dispatcher.php(114): Cake\Controller\Controller->invokeAction()
#4 /var/www/html/blog-cakephp/vendor/cakephp/cakephp/src/Routing/Dispatcher.php(87): Cake\Routing\Dispatcher->_invoke(Object(App\Controller\PagesController))
#5 /var/www/html/blog-cakephp/webroot/index.php(37): Cake\Routing\Dispatcher->dispatch(Object(Cake\Network\Request), Object(Cake\Network\Response))
#6 {main}


2016-01-27 18:15:02 Error: [RuntimeException] Unable to locate an object compatible with paginate.
Request URL: /
Stack Trace:
#0 /var/www/html/blog-cakephp/src/Controller/PagesController.php(49): Cake\Controller\Controller->paginate(false)
#1 [internal function]: App\Controller\PagesController->display('home')
#2 /var/www/html/blog-cakephp/vendor/cakephp/cakephp/src/Controller/Controller.php(430): call_user_func_array(Array, Array)
#3 /var/www/html/blog-cakephp/vendor/cakephp/cakephp/src/Routing/Dispatcher.php(114): Cake\Controller\Controller->invokeAction()
#4 /var/www/html/blog-cakephp/vendor/cakephp/cakephp/src/Routing/Dispatcher.php(87): Cake\Routing\Dispatcher->_invoke(Object(App\Controller\PagesController))
#5 /var/www/html/blog-cakephp/webroot/index.php(37): Cake\Routing\Dispatcher->dispatch(Object(Cake\Network\Request), Object(Cake\Network\Response))
#6 {main}


2016-01-27 18:15:54 Error: [RuntimeException] Unable to locate an object compatible with paginate.
Request URL: /
Stack Trace:
#0 /var/www/html/blog-cakephp/src/Controller/PagesController.php(49): Cake\Controller\Controller->paginate(false)
#1 [internal function]: App\Controller\PagesController->display('home')
#2 /var/www/html/blog-cakephp/vendor/cakephp/cakephp/src/Controller/Controller.php(430): call_user_func_array(Array, Array)
#3 /var/www/html/blog-cakephp/vendor/cakephp/cakephp/src/Routing/Dispatcher.php(114): Cake\Controller\Controller->invokeAction()
#4 /var/www/html/blog-cakephp/vendor/cakephp/cakephp/src/Routing/Dispatcher.php(87): Cake\Routing\Dispatcher->_invoke(Object(App\Controller\PagesController))
#5 /var/www/html/blog-cakephp/webroot/index.php(37): Cake\Routing\Dispatcher->dispatch(Object(Cake\Network\Request), Object(Cake\Network\Response))
#6 {main}


2016-01-27 18:15:58 Error: [RuntimeException] Unable to locate an object compatible with paginate.
Request URL: /
Stack Trace:
#0 /var/www/html/blog-cakephp/src/Controller/PagesController.php(49): Cake\Controller\Controller->paginate(false)
#1 [internal function]: App\Controller\PagesController->display('home')
#2 /var/www/html/blog-cakephp/vendor/cakephp/cakephp/src/Controller/Controller.php(430): call_user_func_array(Array, Array)
#3 /var/www/html/blog-cakephp/vendor/cakephp/cakephp/src/Routing/Dispatcher.php(114): Cake\Controller\Controller->invokeAction()
#4 /var/www/html/blog-cakephp/vendor/cakephp/cakephp/src/Routing/Dispatcher.php(87): Cake\Routing\Dispatcher->_invoke(Object(App\Controller\PagesController))
#5 /var/www/html/blog-cakephp/webroot/index.php(37): Cake\Routing\Dispatcher->dispatch(Object(Cake\Network\Request), Object(Cake\Network\Response))
#6 {main}


2016-01-27 18:16:03 Error: [RuntimeException] Unable to locate an object compatible with paginate.
Request URL: /
Stack Trace:
#0 /var/www/html/blog-cakephp/src/Controller/PagesController.php(49): Cake\Controller\Controller->paginate(false)
#1 [internal function]: App\Controller\PagesController->display('home')
#2 /var/www/html/blog-cakephp/vendor/cakephp/cakephp/src/Controller/Controller.php(430): call_user_func_array(Array, Array)
#3 /var/www/html/blog-cakephp/vendor/cakephp/cakephp/src/Routing/Dispatcher.php(114): Cake\Controller\Controller->invokeAction()
#4 /var/www/html/blog-cakephp/vendor/cakephp/cakephp/src/Routing/Dispatcher.php(87): Cake\Routing\Dispatcher->_invoke(Object(App\Controller\PagesController))
#5 /var/www/html/blog-cakephp/webroot/index.php(37): Cake\Routing\Dispatcher->dispatch(Object(Cake\Network\Request), Object(Cake\Network\Response))
#6 {main}


2016-01-27 18:16:11 Error: [RuntimeException] Unable to locate an object compatible with paginate.
Request URL: /
Stack Trace:
#0 /var/www/html/blog-cakephp/src/Controller/PagesController.php(48): Cake\Controller\Controller->paginate(false)
#1 [internal function]: App\Controller\PagesController->display('home')
#2 /var/www/html/blog-cakephp/vendor/cakephp/cakephp/src/Controller/Controller.php(430): call_user_func_array(Array, Array)
#3 /var/www/html/blog-cakephp/vendor/cakephp/cakephp/src/Routing/Dispatcher.php(114): Cake\Controller\Controller->invokeAction()
#4 /var/www/html/blog-cakephp/vendor/cakephp/cakephp/src/Routing/Dispatcher.php(87): Cake\Routing\Dispatcher->_invoke(Object(App\Controller\PagesController))
#5 /var/www/html/blog-cakephp/webroot/index.php(37): Cake\Routing\Dispatcher->dispatch(Object(Cake\Network\Request), Object(Cake\Network\Response))
#6 {main}


